2014-10-22 14:24:22,538 - Log4JLogChute initialized using file 'velocity.log'
2014-10-22 14:24:22,538 - Initializing Velocity, Calling init()...
2014-10-22 14:24:22,538 - Starting Apache Velocity v1.7 (compiled: 2010-11-19 12:14:37)
2014-10-22 14:24:22,538 - Default Properties File: org\apache\velocity\runtime\defaults\velocity.properties
2014-10-22 14:24:22,539 - Trying to use logger class org.apache.velocity.runtime.log.AvalonLogChute
2014-10-22 14:24:22,539 - Target log system for org.apache.velocity.runtime.log.AvalonLogChute is not available (java.lang.NoClassDefFoundError: org/apache/log/format/Formatter).  Falling back to next log system...
2014-10-22 14:24:22,539 - Trying to use logger class org.apache.velocity.runtime.log.Log4JLogChute
2014-10-22 14:24:22,539 - Using logger class org.apache.velocity.runtime.log.Log4JLogChute
2014-10-22 14:24:22,611 - ResourceLoader instantiated: org.apache.velocity.runtime.resource.loader.FileResourceLoader
2014-10-22 14:24:22,612 - Do unicode file recognition:  false
2014-10-22 14:24:22,612 - FileResourceLoader : adding path 'C:/workspace'
2014-10-22 14:24:22,818 - ResourceCache: initialized (class org.apache.velocity.runtime.resource.ResourceCacheImpl) with class java.util.Collections$SynchronizedMap cache map.
2014-10-22 14:24:22,820 - Loaded System Directive: org.apache.velocity.runtime.directive.Stop
2014-10-22 14:24:22,860 - Loaded System Directive: org.apache.velocity.runtime.directive.Define
2014-10-22 14:24:22,861 - Loaded System Directive: org.apache.velocity.runtime.directive.Break
2014-10-22 14:24:22,887 - Loaded System Directive: org.apache.velocity.runtime.directive.Evaluate
2014-10-22 14:24:22,889 - Loaded System Directive: org.apache.velocity.runtime.directive.Literal
2014-10-22 14:24:22,891 - Loaded System Directive: org.apache.velocity.runtime.directive.Macro
2014-10-22 14:24:22,894 - Loaded System Directive: org.apache.velocity.runtime.directive.Parse
2014-10-22 14:24:22,923 - Loaded System Directive: org.apache.velocity.runtime.directive.Include
2014-10-22 14:24:22,925 - Loaded System Directive: org.apache.velocity.runtime.directive.Foreach
2014-10-22 14:24:23,013 - Created '20' parsers.
2014-10-22 14:24:23,020 - Velocimacro : "velocimacro.library" is not set.  Trying default library: VM_global_library.vm
2014-10-22 14:24:23,020 - Velocimacro : Default library not found.
2014-10-22 14:24:23,020 - Velocimacro : allowInline = true : VMs can be defined inline in templates
2014-10-22 14:24:23,020 - Velocimacro : allowInlineToOverride = false : VMs defined inline may NOT replace previous VM definitions
2014-10-22 14:24:23,020 - Velocimacro : allowInlineLocal = false : VMs defined inline will be global in scope if allowed.
2014-10-22 14:24:23,020 - Velocimacro : autoload off : VM system will not automatically reload global library macros
2014-10-22 14:24:23,223 - ResourceManager : found temp.vm with loader org.apache.velocity.runtime.resource.loader.FileResourceLoader
2014-10-22 14:24:23,229 - Null reference [template 'temp.vm', line 5, column 36] : ${seo_keywords} cannot be resolved.
2014-10-22 14:24:23,229 - Null reference [template 'temp.vm', line 6, column 39] : ${seo_description} cannot be resolved.
2014-10-22 14:24:23,231 - ResourceManager : found style.vm with loader org.apache.velocity.runtime.resource.loader.FileResourceLoader
2014-10-22 14:24:23,231 - Null reference [template 'temp.vm', line 8, column 12] : ${seo_title} cannot be resolved.
2014-10-22 14:24:23,232 - ResourceManager : found headFile.vm with loader org.apache.velocity.runtime.resource.loader.FileResourceLoader
2014-10-22 14:24:23,233 - ResourceManager : found footFile.vm with loader org.apache.velocity.runtime.resource.loader.FileResourceLoader
2014-11-27 18:44:38,805 - Log4JLogChute initialized using file 'velocity.log'
2014-11-27 18:44:38,806 - Initializing Velocity, Calling init()...
2014-11-27 18:44:38,806 - Starting Apache Velocity v1.7 (compiled: 2010-11-19 12:14:37)
2014-11-27 18:44:38,806 - Default Properties File: org\apache\velocity\runtime\defaults\velocity.properties
2014-11-27 18:44:38,806 - Trying to use logger class org.apache.velocity.runtime.log.AvalonLogChute
2014-11-27 18:44:38,806 - Target log system for org.apache.velocity.runtime.log.AvalonLogChute is not available (java.lang.NoClassDefFoundError: org/apache/log/format/Formatter).  Falling back to next log system...
2014-11-27 18:44:38,806 - Trying to use logger class org.apache.velocity.runtime.log.Log4JLogChute
2014-11-27 18:44:38,806 - Using logger class org.apache.velocity.runtime.log.Log4JLogChute
2014-11-27 18:44:38,810 - ResourceLoader instantiated: org.apache.velocity.runtime.resource.loader.FileResourceLoader
2014-11-27 18:44:38,811 - Do unicode file recognition:  false
2014-11-27 18:44:38,811 - FileResourceLoader : adding path 'C:/workspace'
2014-11-27 18:44:38,826 - ResourceCache: initialized (class org.apache.velocity.runtime.resource.ResourceCacheImpl) with class java.util.Collections$SynchronizedMap cache map.
2014-11-27 18:44:38,828 - Loaded System Directive: org.apache.velocity.runtime.directive.Stop
2014-11-27 18:44:38,829 - Loaded System Directive: org.apache.velocity.runtime.directive.Define
2014-11-27 18:44:38,829 - Loaded System Directive: org.apache.velocity.runtime.directive.Break
2014-11-27 18:44:38,830 - Loaded System Directive: org.apache.velocity.runtime.directive.Evaluate
2014-11-27 18:44:38,831 - Loaded System Directive: org.apache.velocity.runtime.directive.Literal
2014-11-27 18:44:38,831 - Loaded System Directive: org.apache.velocity.runtime.directive.Macro
2014-11-27 18:44:38,833 - Loaded System Directive: org.apache.velocity.runtime.directive.Parse
2014-11-27 18:44:38,834 - Loaded System Directive: org.apache.velocity.runtime.directive.Include
2014-11-27 18:44:38,835 - Loaded System Directive: org.apache.velocity.runtime.directive.Foreach
2014-11-27 18:44:38,886 - Created '20' parsers.
2014-11-27 18:44:38,893 - Velocimacro : "velocimacro.library" is not set.  Trying default library: VM_global_library.vm
2014-11-27 18:44:38,893 - Velocimacro : Default library not found.
2014-11-27 18:44:38,893 - Velocimacro : allowInline = true : VMs can be defined inline in templates
2014-11-27 18:44:38,893 - Velocimacro : allowInlineToOverride = false : VMs defined inline may NOT replace previous VM definitions
2014-11-27 18:44:38,893 - Velocimacro : allowInlineLocal = false : VMs defined inline will be global in scope if allowed.
2014-11-27 18:44:38,894 - Velocimacro : autoload off : VM system will not automatically reload global library macros
2014-11-27 18:44:38,895 - ResourceManager : unable to find resource 'temp.vm' in any resource loader.
2014-12-01 13:28:29,131 - Log4JLogChute initialized using file 'velocity.log'
2014-12-01 13:28:29,131 - Initializing Velocity, Calling init()...
2014-12-01 13:28:29,131 - Starting Apache Velocity v1.7 (compiled: 2010-11-19 12:14:37)
2014-12-01 13:28:29,131 - Default Properties File: org\apache\velocity\runtime\defaults\velocity.properties
2014-12-01 13:28:29,131 - Trying to use logger class org.apache.velocity.runtime.log.AvalonLogChute
2014-12-01 13:28:29,131 - Target log system for org.apache.velocity.runtime.log.AvalonLogChute is not available (java.lang.NoClassDefFoundError: org/apache/log/format/Formatter).  Falling back to next log system...
2014-12-01 13:28:29,131 - Trying to use logger class org.apache.velocity.runtime.log.Log4JLogChute
2014-12-01 13:28:29,131 - Using logger class org.apache.velocity.runtime.log.Log4JLogChute
2014-12-01 13:28:29,131 - ResourceLoader instantiated: org.apache.velocity.runtime.resource.loader.FileResourceLoader
2014-12-01 13:28:29,131 - Do unicode file recognition:  false
2014-12-01 13:28:29,131 - FileResourceLoader : adding path 'C:/workspace'
2014-12-01 13:28:29,146 - ResourceCache: initialized (class org.apache.velocity.runtime.resource.ResourceCacheImpl) with class java.util.Collections$SynchronizedMap cache map.
2014-12-01 13:28:29,146 - Loaded System Directive: org.apache.velocity.runtime.directive.Stop
2014-12-01 13:28:29,162 - Loaded System Directive: org.apache.velocity.runtime.directive.Define
2014-12-01 13:28:29,162 - Loaded System Directive: org.apache.velocity.runtime.directive.Break
2014-12-01 13:28:29,162 - Loaded System Directive: org.apache.velocity.runtime.directive.Evaluate
2014-12-01 13:28:29,162 - Loaded System Directive: org.apache.velocity.runtime.directive.Literal
2014-12-01 13:28:29,162 - Loaded System Directive: org.apache.velocity.runtime.directive.Macro
2014-12-01 13:28:29,162 - Loaded System Directive: org.apache.velocity.runtime.directive.Parse
2014-12-01 13:28:29,162 - Loaded System Directive: org.apache.velocity.runtime.directive.Include
2014-12-01 13:28:29,162 - Loaded System Directive: org.apache.velocity.runtime.directive.Foreach
2014-12-01 13:28:29,193 - Created '20' parsers.
2014-12-01 13:28:29,193 - Velocimacro : "velocimacro.library" is not set.  Trying default library: VM_global_library.vm
2014-12-01 13:28:29,193 - Velocimacro : Default library not found.
2014-12-01 13:28:29,193 - Velocimacro : allowInline = true : VMs can be defined inline in templates
2014-12-01 13:28:29,193 - Velocimacro : allowInlineToOverride = false : VMs defined inline may NOT replace previous VM definitions
2014-12-01 13:28:29,193 - Velocimacro : allowInlineLocal = false : VMs defined inline will be global in scope if allowed.
2014-12-01 13:28:29,193 - Velocimacro : autoload off : VM system will not automatically reload global library macros
2014-12-01 13:28:29,193 - ResourceManager : unable to find resource 'temp.vm' in any resource loader.
2014-12-01 17:45:38,388 - Log4JLogChute initialized using file 'velocity.log'
2014-12-01 17:45:38,412 - Initializing Velocity, Calling init()...
2014-12-01 17:45:38,412 - Starting Apache Velocity v1.7 (compiled: 2010-11-19 12:14:37)
2014-12-01 17:45:38,412 - Default Properties File: org\apache\velocity\runtime\defaults\velocity.properties
2014-12-01 17:45:38,412 - Trying to use logger class org.apache.velocity.runtime.log.AvalonLogChute
2014-12-01 17:45:38,412 - Target log system for org.apache.velocity.runtime.log.AvalonLogChute is not available (java.lang.NoClassDefFoundError: org/apache/log/format/Formatter).  Falling back to next log system...
2014-12-01 17:45:38,412 - Trying to use logger class org.apache.velocity.runtime.log.Log4JLogChute
2014-12-01 17:45:38,412 - Using logger class org.apache.velocity.runtime.log.Log4JLogChute
2014-12-01 17:45:38,420 - ResourceLoader instantiated: org.apache.velocity.runtime.resource.loader.FileResourceLoader
2014-12-01 17:45:38,421 - Do unicode file recognition:  false
2014-12-01 17:45:38,421 - FileResourceLoader : adding path 'C:/workspace'
2014-12-01 17:45:38,432 - ResourceCache: initialized (class org.apache.velocity.runtime.resource.ResourceCacheImpl) with class java.util.Collections$SynchronizedMap cache map.
2014-12-01 17:45:38,434 - Loaded System Directive: org.apache.velocity.runtime.directive.Stop
2014-12-01 17:45:38,435 - Loaded System Directive: org.apache.velocity.runtime.directive.Define
2014-12-01 17:45:38,436 - Loaded System Directive: org.apache.velocity.runtime.directive.Break
2014-12-01 17:45:38,436 - Loaded System Directive: org.apache.velocity.runtime.directive.Evaluate
2014-12-01 17:45:38,437 - Loaded System Directive: org.apache.velocity.runtime.directive.Literal
2014-12-01 17:45:38,438 - Loaded System Directive: org.apache.velocity.runtime.directive.Macro
2014-12-01 17:45:38,439 - Loaded System Directive: org.apache.velocity.runtime.directive.Parse
2014-12-01 17:45:38,440 - Loaded System Directive: org.apache.velocity.runtime.directive.Include
2014-12-01 17:45:38,441 - Loaded System Directive: org.apache.velocity.runtime.directive.Foreach
2014-12-01 17:45:38,473 - Created '20' parsers.
2014-12-01 17:45:38,479 - Velocimacro : "velocimacro.library" is not set.  Trying default library: VM_global_library.vm
2014-12-01 17:45:38,479 - Velocimacro : Default library not found.
2014-12-01 17:45:38,479 - Velocimacro : allowInline = true : VMs can be defined inline in templates
2014-12-01 17:45:38,479 - Velocimacro : allowInlineToOverride = false : VMs defined inline may NOT replace previous VM definitions
2014-12-01 17:45:38,479 - Velocimacro : allowInlineLocal = false : VMs defined inline will be global in scope if allowed.
2014-12-01 17:45:38,479 - Velocimacro : autoload off : VM system will not automatically reload global library macros
2014-12-01 17:45:38,481 - ResourceManager : unable to find resource 'temp.vm' in any resource loader.
